GROUP,PACKAGE,CLASS,INSTRUCTION_MISSED,INSTRUCTION_COVERED,BRANCH_MISSED,BRANCH_COVERED,LINE_MISSED,LINE_COVERED,COMPLEXITY_MISSED,COMPLEXITY_COVERED,METHOD_MISSED,METHOD_COVERED
Neo4j Migrations (Core),ac.simons.neo4j.migrations.core,CatalogBasedMigration.Operation,0,49,0,0,0,7,0,7,0,7
Neo4j Migrations (Core),ac.simons.neo4j.migrations.core,CatalogBasedMigration.OperationContext,0,18,0,0,0,1,0,1,0,1
Neo4j Migrations (Core),ac.simons.neo4j.migrations.core,Migration,0,2,0,0,0,1,0,1,0,1
Neo4j Migrations (Core),ac.simons.neo4j.migrations.core,CypherResource,12,43,0,0,2,7,2,4,2,4
Neo4j Migrations (Core),ac.simons.neo4j.migrations.core,DefaultMigrationChain,0,129,1,14,0,29,1,19,0,12
Neo4j Migrations (Core),ac.simons.neo4j.migrations.core,Precondition,0,79,0,6,0,17,0,10,0,7
Neo4j Migrations (Core),ac.simons.neo4j.migrations.core,ResourceDiscoverer.new SimpleFileVisitor() {...},0,49,1,3,0,7,1,3,0,2
Neo4j Migrations (Core),ac.simons.neo4j.migrations.core,EditionPrecondition,0,81,0,2,0,17,0,9,0,8
Neo4j Migrations (Core),ac.simons.neo4j.migrations.core,DatabaseCatalog,8,127,2,12,1,27,4,14,2,9
Neo4j Migrations (Core),ac.simons.neo4j.migrations.core,ValidationResult.Outcome,0,33,0,0,0,6,0,1,0,1
Neo4j Migrations (Core),ac.simons.neo4j.migrations.core,Precondition.Type,0,53,0,4,0,13,0,6,0,4
Neo4j Migrations (Core),ac.simons.neo4j.migrations.core,CypherBasedMigration,2,120,2,8,1,35,2,11,0,8
Neo4j Migrations (Core),ac.simons.neo4j.migrations.core,LifecyclePhase,6,108,0,0,0,23,1,6,1,6
Neo4j Migrations (Core),ac.simons.neo4j.migrations.core,CatalogBasedMigration.DefaultOperationBuilder,4,116,1,3,1,28,1,11,0,10
Neo4j Migrations (Core),ac.simons.neo4j.migrations.core,IterableMigrations.DelayingIterator,3,67,0,10,2,18,0,8,0,3
Neo4j Migrations (Core),ac.simons.neo4j.migrations.core,ResourceContext,11,108,2,6,3,23,2,10,0,8
Neo4j Migrations (Core),ac.simons.neo4j.migrations.core,MigrationsLock.SummaryCountersImpl,0,83,0,4,0,3,0,5,0,3
Neo4j Migrations (Core),ac.simons.neo4j.migrations.core,CleanResult,0,106,0,4,0,23,0,11,0,9
Neo4j Migrations (Core),ac.simons.neo4j.migrations.core,Neo4jCodes,0,17,0,0,0,2,0,1,0,1
Neo4j Migrations (Core),ac.simons.neo4j.migrations.core,AbstractPrecondition,0,9,0,0,0,4,0,2,0,2
Neo4j Migrations (Core),ac.simons.neo4j.migrations.core,CatalogBasedMigration.DefaultRefactorOperation,0,17,0,0,0,4,0,2,0,2
Neo4j Migrations (Core),ac.simons.neo4j.migrations.core,MigrationChain.ChainBuilderMode,0,21,0,0,0,4,0,1,0,1
Neo4j Migrations (Core),ac.simons.neo4j.migrations.core,CatalogBasedRefactorings,18,991,10,88,5,182,10,89,0,50
Neo4j Migrations (Core),ac.simons.neo4j.migrations.core,JavaBasedMigrationDiscoverer,10,51,1,3,2,16,1,5,0,4
Neo4j Migrations (Core),ac.simons.neo4j.migrations.core,DiscoveryService,8,378,3,25,3,74,3,28,0,17
Neo4j Migrations (Core),ac.simons.neo4j.migrations.core,Defaults,0,14,0,0,0,6,0,1,0,1
Neo4j Migrations (Core),ac.simons.neo4j.migrations.core,ResourceBasedMigrationProvider,9,36,3,3,1,9,2,3,0,2
Neo4j Migrations (Core),ac.simons.neo4j.migrations.core,CypherResourceBasedMigrationProvider,2,11,0,0,1,3,1,3,1,3
Neo4j Migrations (Core),ac.simons.neo4j.migrations.core,Location,0,249,3,21,0,43,3,20,0,11
Neo4j Migrations (Core),ac.simons.neo4j.migrations.core,DefaultMigrationContext.ExtendedResultSummary,0,28,0,0,0,3,0,2,0,2
Neo4j Migrations (Core),ac.simons.neo4j.migrations.core,DatabaseCatalog.FilteredMapAccessor,23,43,0,2,6,8,6,4,6,3
Neo4j Migrations (Core),ac.simons.neo4j.migrations.core,DefaultClasspathResourceScanner,0,28,0,0,0,8,0,2,0,2
Neo4j Migrations (Core),ac.simons.neo4j.migrations.core,MigrationsConfig.Builder,15,113,0,0,6,42,3,18,3,18
Neo4j Migrations (Core),ac.simons.neo4j.migrations.core,MigrationsConfig.TransactionMode,0,15,0,0,0,3,0,1,0,1
Neo4j Migrations (Core),ac.simons.neo4j.migrations.core,Migrations,50,1703,16,94,5,330,17,105,3,64
Neo4j Migrations (Core),ac.simons.neo4j.migrations.core,DefaultRefactoringContext.DefaultQueryRunner,0,49,0,6,0,12,0,6,0,3
Neo4j Migrations (Core),ac.simons.neo4j.migrations.core,CatalogBasedMigration.DefaultVerifyOperation,0,136,0,10,0,31,0,11,0,6
Neo4j Migrations (Core),ac.simons.neo4j.migrations.core,CatalogBasedMigration.OperationType,12,222,2,30,2,44,2,22,0,7
Neo4j Migrations (Core),ac.simons.neo4j.migrations.core,CatalogBasedMigration.AbstractItemBasedOperation,3,78,0,10,1,17,1,10,1,5
Neo4j Migrations (Core),ac.simons.neo4j.migrations.core,MigrationsConfig.VersionSortOrder,0,15,0,0,0,3,0,1,0,1
Neo4j Migrations (Core),ac.simons.neo4j.migrations.core,ConnectionDetailsFormatter,0,86,0,4,0,20,0,6,0,4
Neo4j Migrations (Core),ac.simons.neo4j.migrations.core,DefaultConnectionDetails,0,42,0,0,0,14,0,7,0,7
Neo4j Migrations (Core),ac.simons.neo4j.migrations.core,MigrationVersion.StopVersion,0,9,0,0,0,1,0,1,0,1
Neo4j Migrations (Core),ac.simons.neo4j.migrations.core,DefaultLifecycleEvent,0,15,0,0,0,6,0,3,0,3
Neo4j Migrations (Core),ac.simons.neo4j.migrations.core,MigrationsException,0,25,0,2,0,7,0,4,0,3
Neo4j Migrations (Core),ac.simons.neo4j.migrations.core,Neo4jVersion,0,327,0,38,0,73,0,35,0,16
Neo4j Migrations (Core),ac.simons.neo4j.migrations.core,ValidationResult,0,74,0,2,0,15,0,10,0,9
Neo4j Migrations (Core),ac.simons.neo4j.migrations.core,ResourceDiscoverer,19,287,6,26,4,60,5,22,0,11
Neo4j Migrations (Core),ac.simons.neo4j.migrations.core,DefaultCatalog,0,345,0,18,0,69,0,30,0,21
Neo4j Migrations (Core),ac.simons.neo4j.migrations.core,MigrationVersion.TargetVersion,0,21,0,0,0,4,0,1,0,1
Neo4j Migrations (Core),ac.simons.neo4j.migrations.core,CatalogBasedMigration,121,692,8,54,16,167,10,51,3,27
Neo4j Migrations (Core),ac.simons.neo4j.migrations.core,DefaultRefactoringContext,4,251,5,31,2,50,5,27,0,14
Neo4j Migrations (Core),ac.simons.neo4j.migrations.core,VersionPrecondition.Mode,0,21,0,0,0,4,0,1,0,1
Neo4j Migrations (Core),ac.simons.neo4j.migrations.core,CatalogBasedMigration.VerificationFailedException,0,4,0,0,0,2,0,1,0,1
Neo4j Migrations (Core),ac.simons.neo4j.migrations.core,RepairmentResult,0,99,0,2,0,15,0,8,0,7
Neo4j Migrations (Core),ac.simons.neo4j.migrations.core,JavaBasedMigration,0,34,0,0,0,7,0,6,0,6
Neo4j Migrations (Core),ac.simons.neo4j.migrations.core,RepairmentResult.Outcome,0,15,0,0,0,3,0,1,0,1
Neo4j Migrations (Core),ac.simons.neo4j.migrations.core,Discoverer,0,5,0,0,0,1,0,1,0,1
Neo4j Migrations (Core),ac.simons.neo4j.migrations.core,MigrationsConfig.CypherVersion,0,35,0,0,0,8,0,3,0,3
Neo4j Migrations (Core),ac.simons.neo4j.migrations.core,Migrations.DeletedChainsWithCounters,0,26,0,0,0,10,0,2,0,2
Neo4j Migrations (Core),ac.simons.neo4j.migrations.core,Location.LocationType,0,28,0,0,0,7,0,3,0,3
Neo4j Migrations (Core),ac.simons.neo4j.migrations.core,MigrationsConfig,7,336,3,33,1,78,4,44,1,29
Neo4j Migrations (Core),ac.simons.neo4j.migrations.core,ProductVersion,14,62,2,6,4,20,2,6,0,4
Neo4j Migrations (Core),ac.simons.neo4j.migrations.core,ChainTool.Pair,1,34,2,4,0,3,2,4,0,3
Neo4j Migrations (Core),ac.simons.neo4j.migrations.core,DefaultMigrationChainElement.InstallationInfo,0,12,0,0,0,1,0,1,0,1
Neo4j Migrations (Core),ac.simons.neo4j.migrations.core,DeleteResult,0,68,0,6,0,12,0,8,0,5
Neo4j Migrations (Core),ac.simons.neo4j.migrations.core,ChainTool,7,491,1,7,2,76,2,24,1,21
Neo4j Migrations (Core),ac.simons.neo4j.migrations.core,MigrationWithPreconditions,3,0,0,0,2,0,2,0,2,0
Neo4j Migrations (Core),ac.simons.neo4j.migrations.core,MigrationContext,0,12,0,0,0,2,0,2,0,2
Neo4j Migrations (Core),ac.simons.neo4j.migrations.core,MigrationVersion.VersionComparator,0,22,2,6,0,5,2,3,0,1
Neo4j Migrations (Core),ac.simons.neo4j.migrations.core,VersionedCatalog,0,10,0,0,0,2,0,2,0,2
Neo4j Migrations (Core),ac.simons.neo4j.migrations.core,AbstractResourceBasedMigrationProvider,21,0,0,0,8,0,4,0,4,0
Neo4j Migrations (Core),ac.simons.neo4j.migrations.core,ChainBuilder,1,369,4,40,1,74,4,29,0,11
Neo4j Migrations (Core),ac.simons.neo4j.migrations.core,StopWatch,10,80,2,8,2,21,2,9,0,6
Neo4j Migrations (Core),ac.simons.neo4j.migrations.core,MigrationVersion.SemanticVersionComparator,8,97,6,14,2,17,5,8,0,3
Neo4j Migrations (Core),ac.simons.neo4j.migrations.core,Messages,0,30,0,0,0,5,0,4,0,4
Neo4j Migrations (Core),ac.simons.neo4j.migrations.core,DefaultCypherResource.DatabaseAndStatements,0,12,0,0,0,3,0,1,0,1
Neo4j Migrations (Core),ac.simons.neo4j.migrations.core,MigrationChain,6,34,0,2,2,8,2,3,2,2
Neo4j Migrations (Core),ac.simons.neo4j.migrations.core,MigrationType,0,21,0,0,0,4,0,1,0,1
Neo4j Migrations (Core),ac.simons.neo4j.migrations.core,AggregatingMigrationDiscoverer,0,30,0,2,0,8,0,3,0,2
Neo4j Migrations (Core),ac.simons.neo4j.migrations.core,DefaultCypherResource,101,727,9,77,11,180,9,63,0,29
Neo4j Migrations (Core),ac.simons.neo4j.migrations.core,MigrationsLock,58,555,9,17,7,96,9,23,1,18
Neo4j Migrations (Core),ac.simons.neo4j.migrations.core,Migrations.new Record() {...},0,9,0,0,0,1,0,1,0,1
Neo4j Migrations (Core),ac.simons.neo4j.migrations.core,DefaultMigrationChainElement,0,197,0,0,0,38,0,15,0,15
Neo4j Migrations (Core),ac.simons.neo4j.migrations.core,CypherBasedCallback,0,97,0,6,0,20,0,10,0,7
Neo4j Migrations (Core),ac.simons.neo4j.migrations.core,MigrationChain.Element,0,44,0,0,0,9,0,1,0,1
Neo4j Migrations (Core),ac.simons.neo4j.migrations.core,Neo4jEdition,0,60,0,9,0,16,0,8,0,3
Neo4j Migrations (Core),ac.simons.neo4j.migrations.core,MigrationState,0,15,0,0,0,3,0,1,0,1
Neo4j Migrations (Core),ac.simons.neo4j.migrations.core,DefaultMigrationContext,43,345,2,16,10,72,4,26,2,19
Neo4j Migrations (Core),ac.simons.neo4j.migrations.core,CatalogBasedMigration.DefaultApplyOperation,0,135,0,0,0,28,0,4,0,4
Neo4j Migrations (Core),ac.simons.neo4j.migrations.core,CatalogBasedMigration.DefaultCreateOperation,7,118,3,11,0,24,3,8,0,4
Neo4j Migrations (Core),ac.simons.neo4j.migrations.core,HBD,10,207,7,35,2,40,7,23,0,9
Neo4j Migrations (Core),ac.simons.neo4j.migrations.core,AbstractCypherBasedMigration,0,38,0,0,0,11,0,7,0,7
Neo4j Migrations (Core),ac.simons.neo4j.migrations.core,CatalogBasedMigration.DefaultDropOperation,18,170,5,17,1,33,4,14,0,7
Neo4j Migrations (Core),ac.simons.neo4j.migrations.core,DefaultMigrationContext.DriverProxy,17,41,2,4,4,13,2,3,0,2
Neo4j Migrations (Core),ac.simons.neo4j.migrations.core,AbstractRepairmentResult,0,60,0,0,0,15,0,9,0,9
Neo4j Migrations (Core),ac.simons.neo4j.migrations.core,DefaultCypherResource.TransactionMode,0,15,0,0,0,3,0,1,0,1
Neo4j Migrations (Core),ac.simons.neo4j.migrations.core,QueryPrecondition.Database,0,15,0,0,0,3,0,1,0,1
Neo4j Migrations (Core),ac.simons.neo4j.migrations.core,DefaultCatalogBasedMigrationProvider,2,9,0,0,1,3,1,3,1,3
Neo4j Migrations (Core),ac.simons.neo4j.migrations.core,VersionPrecondition,6,219,2,16,1,39,2,16,0,9
Neo4j Migrations (Core),ac.simons.neo4j.migrations.core,ConnectionDetails,0,10,0,0,0,1,0,1,0,1
Neo4j Migrations (Core),ac.simons.neo4j.migrations.core,OperationResult,2,0,0,0,1,0,1,0,1,0
Neo4j Migrations (Core),ac.simons.neo4j.migrations.core,QueryPrecondition,3,126,2,8,0,23,2,12,0,9
Neo4j Migrations (Core),ac.simons.neo4j.migrations.core,MigrationChainFormat,0,376,0,14,0,56,0,23,0,16
Neo4j Migrations (Core),ac.simons.neo4j.migrations.core,MigrationVersion,21,232,5,17,4,48,6,24,1,18
Neo4j Migrations (Core),ac.simons.neo4j.migrations.core,IterableMigrations,0,90,0,8,0,16,0,9,0,5
Neo4j Migrations (Core),ac.simons.neo4j.migrations.core.refactorings,Counters,0,88,0,0,0,14,0,3,0,3
Neo4j Migrations (Core),ac.simons.neo4j.migrations.core.refactorings,DefaultMerge,21,573,7,25,4,82,8,20,1,11
Neo4j Migrations (Core),ac.simons.neo4j.migrations.core.refactorings,DefaultMerge.Ids,0,46,0,4,0,5,0,5,0,3
Neo4j Migrations (Core),ac.simons.neo4j.migrations.core.refactorings,Counters.Empty,18,44,0,2,9,18,9,5,9,4
Neo4j Migrations (Core),ac.simons.neo4j.migrations.core.refactorings,DefaultNormalize,34,339,8,28,3,62,9,22,1,12
Neo4j Migrations (Core),ac.simons.neo4j.migrations.core.refactorings,QueryRunner.FeatureSet,0,67,0,6,0,14,0,10,0,7
Neo4j Migrations (Core),ac.simons.neo4j.migrations.core.refactorings,Rename,0,44,0,0,0,4,0,4,0,4
Neo4j Migrations (Core),ac.simons.neo4j.migrations.core.refactorings,Merge,0,17,0,0,0,2,0,2,0,2
Neo4j Migrations (Core),ac.simons.neo4j.migrations.core.refactorings,Merge.PropertyMergePolicy.Strategy,0,21,0,0,0,4,0,1,0,1
Neo4j Migrations (Core),ac.simons.neo4j.migrations.core.refactorings,DefaultRename.Target,0,60,0,0,0,9,0,3,0,3
Neo4j Migrations (Core),ac.simons.neo4j.migrations.core.refactorings,DefaultCounters,0,125,0,2,0,20,0,4,0,3
Neo4j Migrations (Core),ac.simons.neo4j.migrations.core.refactorings,RefactoringContext,4,0,0,0,1,0,1,0,1,0
Neo4j Migrations (Core),ac.simons.neo4j.migrations.core.refactorings,AbstractCustomizableRefactoring,10,61,2,8,1,13,2,8,0,5
Neo4j Migrations (Core),ac.simons.neo4j.migrations.core.refactorings,FormatStringGenerator,0,25,0,4,0,8,0,3,0,1
Neo4j Migrations (Core),ac.simons.neo4j.migrations.core.refactorings,Merge.PropertyMergePolicy,7,89,6,9,3,17,6,9,0,7
Neo4j Migrations (Core),ac.simons.neo4j.migrations.core.refactorings,DefaultMigrateBTreeIndexes.new RenderConfig.CypherRenderingOptions() {...},0,10,0,0,0,3,0,3,0,3
Neo4j Migrations (Core),ac.simons.neo4j.migrations.core.refactorings,DefaultMigrateBTreeIndexes.new Function() {...},0,24,0,0,0,4,0,3,0,3
Neo4j Migrations (Core),ac.simons.neo4j.migrations.core.refactorings,DefaultMigrateBTreeIndexes.new RenderConfig.CypherRenderingOptions() {...},0,8,0,0,0,2,0,2,0,2
Neo4j Migrations (Core),ac.simons.neo4j.migrations.core.refactorings,DefaultAddSurrogateKey.Target,0,40,0,0,0,7,0,3,0,3
Neo4j Migrations (Core),ac.simons.neo4j.migrations.core.refactorings,DefaultRename,34,221,8,14,3,31,9,13,1,10
Neo4j Migrations (Core),ac.simons.neo4j.migrations.core.refactorings,MigrateBTreeIndexes,0,26,0,0,0,4,0,4,0,4
Neo4j Migrations (Core),ac.simons.neo4j.migrations.core.refactorings,QueryRunner,0,8,0,0,0,2,0,2,0,2
Neo4j Migrations (Core),ac.simons.neo4j.migrations.core.refactorings,Normalize,4,25,2,2,0,4,2,1,0,1
Neo4j Migrations (Core),ac.simons.neo4j.migrations.core.refactorings,FormatStringGenerator.Fragments,0,15,0,0,0,1,0,1,0,1
Neo4j Migrations (Core),ac.simons.neo4j.migrations.core.refactorings,DefaultMigrateBTreeIndexes,32,567,15,67,4,89,16,43,1,17
Neo4j Migrations (Core),ac.simons.neo4j.migrations.core.refactorings,DefaultAddSurrogateKey,41,345,12,24,5,52,13,24,1,18
Neo4j Migrations (Core),ac.simons.neo4j.migrations.core.refactorings,AddSurrogateKey,10,82,4,12,2,15,4,8,0,4
Neo4j Migrations (Core),ac.simons.neo4j.migrations.core.catalog,Index.DefaultBuilder,0,48,0,0,0,10,0,6,0,6
Neo4j Migrations (Core),ac.simons.neo4j.migrations.core.catalog,CatalogToXMLRenderer,6,212,2,22,2,44,2,14,0,4
Neo4j Migrations (Core),ac.simons.neo4j.migrations.core.catalog,Constraint,25,600,5,68,4,100,5,50,0,17
Neo4j Migrations (Core),ac.simons.neo4j.migrations.core.catalog,IndexToXMLRenderer,6,56,0,0,2,16,0,2,0,2
Neo4j Migrations (Core),ac.simons.neo4j.migrations.core.catalog,EmptyCatalog,0,11,0,0,0,3,0,2,0,2
Neo4j Migrations (Core),ac.simons.neo4j.migrations.core.catalog,CatalogDiffImpl,0,65,0,10,0,14,0,12,0,7
Neo4j Migrations (Core),ac.simons.neo4j.migrations.core.catalog,AnonymousCatalogItem,6,18,0,0,2,6,0,2,0,2
Neo4j Migrations (Core),ac.simons.neo4j.migrations.core.catalog,TargetEntityType,0,15,0,0,0,3,0,1,0,1
Neo4j Migrations (Core),ac.simons.neo4j.migrations.core.catalog,CatalogDiff,0,131,2,18,0,22,2,9,0,1
Neo4j Migrations (Core),ac.simons.neo4j.migrations.core.catalog,RenderConfig.DefaultBuilder,0,21,0,0,0,6,0,3,0,3
Neo4j Migrations (Core),ac.simons.neo4j.migrations.core.catalog,Constraint.DefaultBuilder,0,70,0,0,0,10,0,6,0,6
Neo4j Migrations (Core),ac.simons.neo4j.migrations.core.catalog,CatalogImpl,0,10,0,0,0,4,0,2,0,2
Neo4j Migrations (Core),ac.simons.neo4j.migrations.core.catalog,AbstractCatalogItem,27,441,5,43,7,87,6,38,1,19
Neo4j Migrations (Core),ac.simons.neo4j.migrations.core.catalog,Operator,0,15,0,0,0,3,0,1,0,1
Neo4j Migrations (Core),ac.simons.neo4j.migrations.core.catalog,Index.Type,0,50,0,0,0,9,0,2,0,2
Neo4j Migrations (Core),ac.simons.neo4j.migrations.core.catalog,RenderConfig.IfExistsConfigBuilder,0,4,0,0,0,1,0,1,0,1
Neo4j Migrations (Core),ac.simons.neo4j.migrations.core.catalog,RenderConfig.XMLRenderingOptions,0,6,0,0,0,3,0,3,0,3
Neo4j Migrations (Core),ac.simons.neo4j.migrations.core.catalog,AbstractName,5,39,2,4,2,10,3,5,1,4
Neo4j Migrations (Core),ac.simons.neo4j.migrations.core.catalog,CypherRenderingUtils,0,48,0,10,0,9,0,7,0,2
Neo4j Migrations (Core),ac.simons.neo4j.migrations.core.catalog,Catalog,5,94,1,7,1,18,1,9,0,6
Neo4j Migrations (Core),ac.simons.neo4j.migrations.core.catalog,Renderer.Format,0,15,0,0,0,3,0,1,0,1
Neo4j Migrations (Core),ac.simons.neo4j.migrations.core.catalog,ConstraintToCypherRenderer,41,878,8,97,6,104,8,62,0,16
Neo4j Migrations (Core),ac.simons.neo4j.migrations.core.catalog,CatalogToCypherRenderer,0,53,0,2,0,12,0,4,0,3
Neo4j Migrations (Core),ac.simons.neo4j.migrations.core.catalog,Constraint.PatternHolder,0,14,0,0,0,5,0,1,0,1
Neo4j Migrations (Core),ac.simons.neo4j.migrations.core.catalog,GeneratedName,0,4,0,0,0,2,0,1,0,1
Neo4j Migrations (Core),ac.simons.neo4j.migrations.core.catalog,RenderConfig.CypherRenderingOptions,0,4,0,0,0,2,0,2,0,2
Neo4j Migrations (Core),ac.simons.neo4j.migrations.core.catalog,Name,2,64,1,3,0,8,1,3,0,2
Neo4j Migrations (Core),ac.simons.neo4j.migrations.core.catalog,AbstractCatalogItem.Target,0,9,0,0,0,1,0,1,0,1
Neo4j Migrations (Core),ac.simons.neo4j.migrations.core.catalog,RenderConfig.Builder,0,7,0,0,0,1,0,1,0,1
Neo4j Migrations (Core),ac.simons.neo4j.migrations.core.catalog,DefaultName,0,10,0,0,0,3,0,2,0,2
Neo4j Migrations (Core),ac.simons.neo4j.migrations.core.catalog,FormattableCatalogItem,6,40,0,2,2,11,0,3,0,2
Neo4j Migrations (Core),ac.simons.neo4j.migrations.core.catalog,Index,22,540,7,53,5,84,8,45,1,20
Neo4j Migrations (Core),ac.simons.neo4j.migrations.core.catalog,RenderConfig.IfNotExistsConfigBuilder,0,4,0,0,0,1,0,1,0,1
Neo4j Migrations (Core),ac.simons.neo4j.migrations.core.catalog,CatalogItem,0,8,0,0,0,2,0,2,0,2
Neo4j Migrations (Core),ac.simons.neo4j.migrations.core.catalog,Constraint.Type,0,32,0,0,0,6,0,2,0,2
Neo4j Migrations (Core),ac.simons.neo4j.migrations.core.catalog,IndexToCypherRenderer,29,695,7,74,4,103,6,52,0,17
Neo4j Migrations (Core),ac.simons.neo4j.migrations.core.catalog,PropertyType,0,83,0,0,0,14,0,3,0,3
Neo4j Migrations (Core),ac.simons.neo4j.migrations.core.catalog,ConstraintToXMLRenderer,6,35,0,0,2,9,0,2,0,2
Neo4j Migrations (Core),ac.simons.neo4j.migrations.core.catalog,RenderConfig,4,220,3,23,1,40,3,29,0,19
Neo4j Migrations (Core),ac.simons.neo4j.migrations.core.catalog,Renderer,15,64,3,13,3,19,3,8,0,3
Neo4j Migrations (Core),ac.simons.neo4j.migrations.core.internal,XMLSchemaConstants,0,8,0,0,0,1,0,1,0,1
Neo4j Migrations (Core),ac.simons.neo4j.migrations.core.internal,UncheckedNoSuchAlgorithmException,4,0,0,0,2,0,1,0,1,0
Neo4j Migrations (Core),ac.simons.neo4j.migrations.core.internal,Strings,6,205,2,30,2,50,2,23,0,9
Neo4j Migrations (Core),ac.simons.neo4j.migrations.core.internal,ThrowingErrorHandler,0,15,0,2,0,6,0,5,0,4
Neo4j Migrations (Core),ac.simons.neo4j.migrations.core.internal,XMLUtils,0,19,0,0,0,6,0,1,0,1
Neo4j Migrations (Core),ac.simons.neo4j.migrations.core.internal,NoopDOMCryptoContext,0,3,0,0,0,1,0,1,0,1
Neo4j Migrations (Core),ac.simons.neo4j.migrations.core.internal,Neo4jVersionComparator,0,90,0,14,0,21,0,10,0,3
Neo4j Migrations (Core),ac.simons.neo4j.migrations.core.internal,NodeSetDataImpl,0,15,0,0,0,5,0,3,0,3
