GROUP,PACKAGE,CLASS,INSTRUCTION_MISSED,INSTRUCTION_COVERED,BRANCH_MISSED,BRANCH_COVERED,LINE_MISSED,LINE_COVERED,COMPLEXITY_MISSED,COMPLEXITY_COVERED,METHOD_MISSED,METHOD_COVERED
Neo4j Migrations (Quarkus Integration Tests),ac.simons.neo4j.migrations.quarkus.it,MigrationsResource,0,24,0,0,0,4,0,3,0,3
Neo4j Migrations (Quarkus Integration Tests),ac.simons.neo4j.migrations.quarkus.it.migrations,V0002__SomethingJava,0,11,0,0,0,4,0,2,0,2
Neo4j Migrations (Quarkus Integration Tests),ac.simons.neo4j.migrations.quarkus.it.migrations,SomeService.V0003__SomethingStatic,0,4,0,0,0,2,0,2,0,2
